{
  "stats": {
    "suites": 5,
    "tests": 22,
    "passes": 18,
    "pending": 3,
    "failures": 1,
    "start": "2021-11-04T01:11:57.436Z",
    "end": "2021-11-04T01:13:22.075Z",
    "duration": 68124,
    "testsRegistered": 22,
    "passPercent": 81.81818181818181,
    "pendingPercent": 13.636363636363637,
    "other": 0,
    "hasOther": false,
    "skipped": 0,
    "hasSkipped": false
  },
  "results": [
    {
      "uuid": "b508f5ef-22cf-4006-acd1-045ee1b95a87",
      "title": "",
      "fullFile": "cypress/tests/api/store.spec.js",
      "file": "cypress/tests/api/store.spec.js",
      "beforeHooks": [],
      "afterHooks": [],
      "tests": [],
      "suites": [
        {
          "uuid": "e0d3f618-69cf-431c-bc99-aa9d3c2ac5b8",
          "title": "Handle pet store data",
          "fullFile": "",
          "file": "",
          "beforeHooks": [],
          "afterHooks": [],
          "tests": [
            {
              "title": "Place new order should return 200",
              "fullTitle": "Handle pet store data Place new order should return 200",
              "timedOut": null,
              "duration": 183,
              "state": "passed",
              "speed": "fast",
              "pass": true,
              "fail": false,
              "pending": false,
              "context": null,
              "code": "cy.placeOrder(newOrderData).then(response => {\n  expect(response.status).to.eq(200);\n});",
              "err": {},
              "uuid": "1f221443-1f74-4476-b523-4f8f9ee512bd",
              "parentUUID": "e0d3f618-69cf-431c-bc99-aa9d3c2ac5b8",
              "isHook": false,
              "skipped": false
            },
            {
              "title": "Find an order by ID should return data",
              "fullTitle": "Handle pet store data Find an order by ID should return data",
              "timedOut": null,
              "duration": 165,
              "state": "passed",
              "speed": "fast",
              "pass": true,
              "fail": false,
              "pending": false,
              "context": null,
              "code": "cy.getOrderById(4).then(response => {\n  expect(response.status).to.eq(200);\n  expect(response.body.id).to.not.null;\n  expect(response.body.petId).to.not.null;\n  expect(response.body.quantity).to.not.null;\n  expect(response.body.shipDate).to.not.null;\n  expect(response.body.status).to.not.null;\n  expect(response.body.complete).to.not.null;\n});",
              "err": {},
              "uuid": "e080b811-47f3-4c0b-b067-16f3082ba45c",
              "parentUUID": "e0d3f618-69cf-431c-bc99-aa9d3c2ac5b8",
              "isHook": false,
              "skipped": false
            },
            {
              "title": "Delete an order should return 200",
              "fullTitle": "Handle pet store data Delete an order should return 200",
              "timedOut": null,
              "duration": 153,
              "state": "passed",
              "speed": "fast",
              "pass": true,
              "fail": false,
              "pending": false,
              "context": null,
              "code": "cy.deleteOrder(newOrderData.id).then(response => {\n  expect(response.status).to.eq(200);\n});",
              "err": {},
              "uuid": "0e45451a-5cf9-40b4-a8a8-92ed9bb5760e",
              "parentUUID": "e0d3f618-69cf-431c-bc99-aa9d3c2ac5b8",
              "isHook": false,
              "skipped": false
            }
          ],
          "suites": [],
          "passes": [
            "1f221443-1f74-4476-b523-4f8f9ee512bd",
            "e080b811-47f3-4c0b-b067-16f3082ba45c",
            "0e45451a-5cf9-40b4-a8a8-92ed9bb5760e"
          ],
          "failures": [],
          "pending": [],
          "skipped": [],
          "duration": 501,
          "root": false,
          "rootEmpty": false,
          "_timeout": 2000
        }
      ],
      "passes": [],
      "failures": [],
      "pending": [],
      "skipped": [],
      "duration": 0,
      "root": true,
      "rootEmpty": true,
      "_timeout": 2000
    },
    {
      "uuid": "d8371438-38cf-463f-8b6d-eeadb32d12b5",
      "title": "",
      "fullFile": "cypress/tests/api/user.spec.js",
      "file": "cypress/tests/api/user.spec.js",
      "beforeHooks": [],
      "afterHooks": [],
      "tests": [],
      "suites": [
        {
          "uuid": "75f64b3a-5cf0-4a4b-9be7-ab51ddb76f01",
          "title": "Handle users data",
          "fullFile": "",
          "file": "",
          "beforeHooks": [],
          "afterHooks": [],
          "tests": [
            {
              "title": "Create new user",
              "fullTitle": "Handle users data Create new user",
              "timedOut": null,
              "duration": 172,
              "state": "passed",
              "speed": "fast",
              "pass": true,
              "fail": false,
              "pending": false,
              "context": null,
              "code": "cy.createUser(newUserData).then(response => {\n  expect(response.status).to.eq(200);\n});",
              "err": {},
              "uuid": "8dc2da12-e686-4768-a2d1-e18ade193e8d",
              "parentUUID": "75f64b3a-5cf0-4a4b-9be7-ab51ddb76f01",
              "isHook": false,
              "skipped": false
            },
            {
              "title": "Get user data by name",
              "fullTitle": "Handle users data Get user data by name",
              "timedOut": null,
              "duration": 161,
              "state": "passed",
              "speed": "fast",
              "pass": true,
              "fail": false,
              "pending": false,
              "context": null,
              "code": "cy.getUserByName(newUserData.username).then(response => {\n  expect(response.status).to.eq(200);\n  expect(response.body.id).to.not.null;\n  expect(response.body.firstName).to.not.null;\n  expect(response.body.lastName).to.not.null;\n  expect(response.body.email).to.not.null;\n  expect(response.body.password).to.not.null;\n  expect(response.body.phone).to.not.null;\n  expect(response.body.userStatus).to.not.null;\n});",
              "err": {},
              "uuid": "5d377f14-f1b8-4536-bbc8-c5f8d4c0093d",
              "parentUUID": "75f64b3a-5cf0-4a4b-9be7-ab51ddb76f01",
              "isHook": false,
              "skipped": false
            },
            {
              "title": "Login user",
              "fullTitle": "Handle users data Login user",
              "timedOut": null,
              "duration": 154,
              "state": "passed",
              "speed": "fast",
              "pass": true,
              "fail": false,
              "pending": false,
              "context": null,
              "code": "cy.loginUser(newUserData.username, newUserData.password).then(response => {\n  expect(response.status).to.eq(200);\n  expect(response.body.message).to.contain('logged in user session');\n});",
              "err": {},
              "uuid": "e9a13c4f-2f8a-4352-b94a-a6b41b551d49",
              "parentUUID": "75f64b3a-5cf0-4a4b-9be7-ab51ddb76f01",
              "isHook": false,
              "skipped": false
            },
            {
              "title": "Logout user",
              "fullTitle": "Handle users data Logout user",
              "timedOut": null,
              "duration": 154,
              "state": "passed",
              "speed": "fast",
              "pass": true,
              "fail": false,
              "pending": false,
              "context": null,
              "code": "cy.logoutUser().then(response => {\n  expect(response.status).to.eq(200);\n  expect(response.body.message).to.equal('ok');\n});",
              "err": {},
              "uuid": "16e724b0-6746-4e4e-aa74-42876ae7e8df",
              "parentUUID": "75f64b3a-5cf0-4a4b-9be7-ab51ddb76f01",
              "isHook": false,
              "skipped": false
            }
          ],
          "suites": [],
          "passes": [
            "8dc2da12-e686-4768-a2d1-e18ade193e8d",
            "5d377f14-f1b8-4536-bbc8-c5f8d4c0093d",
            "e9a13c4f-2f8a-4352-b94a-a6b41b551d49",
            "16e724b0-6746-4e4e-aa74-42876ae7e8df"
          ],
          "failures": [],
          "pending": [],
          "skipped": [],
          "duration": 641,
          "root": false,
          "rootEmpty": false,
          "_timeout": 2000
        }
      ],
      "passes": [],
      "failures": [],
      "pending": [],
      "skipped": [],
      "duration": 0,
      "root": true,
      "rootEmpty": true,
      "_timeout": 2000
    },
    {
      "uuid": "d9ab2acc-93c9-4abf-b8ce-cfc5cb481b30",
      "title": "",
      "fullFile": "cypress/tests/web/bookStore.spec.js",
      "file": "cypress/tests/web/bookStore.spec.js",
      "beforeHooks": [],
      "afterHooks": [],
      "tests": [],
      "suites": [
        {
          "uuid": "3fa3a032-36ad-4bab-9d31-13eb100c0088",
          "title": "Validate Book Store functionalities",
          "fullFile": "",
          "file": "",
          "beforeHooks": [],
          "afterHooks": [],
          "tests": [
            {
              "title": "Books information are displayed correctly",
              "fullTitle": "Validate Book Store functionalities Books information are displayed correctly",
              "timedOut": null,
              "duration": 27977,
              "state": "passed",
              "speed": "slow",
              "pass": true,
              "fail": false,
              "pending": false,
              "context": null,
              "code": "let bookInfo = {\n  ISBN: '9781449325862',\n  title: 'Git Pocket Guide',\n  subTitle: 'A Working Introduction',\n  author: 'Richard E. Silverman',\n  publisher: 'O\\'Reilly Media',\n  totalPages: '234',\n  description: 'This pocket guide is the perfect on-the-job companion to Git, the distributed version control system. It provides a compact, readable introduction to Git for new users, as well as a reference to common commands and procedures for those of you with Git exp',\n  website: 'http://chimera.labs.oreilly.com/books/1230000000561/index.html'\n};\ncy.get(_selectors.profileSelectors.goToStoreButton).click();\ncy.get(_selectors.bookStoreSelectors.gitPocketBook).click();\ncy.contains(bookInfo.ISBN).should('be.visible');\ncy.contains(bookInfo.title).should('be.visible');\ncy.contains(bookInfo.subTitle).should('be.visible');\ncy.contains(bookInfo.author).should('be.visible');\ncy.contains(bookInfo.publisher).should('be.visible');\ncy.contains(bookInfo.totalPages).should('be.visible');\ncy.contains(bookInfo.description).should('be.visible');\ncy.contains(bookInfo.website).should('be.visible');",
              "err": {},
              "uuid": "f602f274-d7d4-4621-ac9c-746b592e537f",
              "parentUUID": "3fa3a032-36ad-4bab-9d31-13eb100c0088",
              "isHook": false,
              "skipped": false
            },
            {
              "title": "Add to Your Collection button works fine",
              "fullTitle": "Validate Book Store functionalities Add to Your Collection button works fine",
              "timedOut": null,
              "duration": 6280,
              "state": "failed",
              "speed": null,
              "pass": false,
              "fail": true,
              "pending": false,
              "context": null,
              "code": "cy.get(_selectors.profileSelectors.goToStoreButton).click();\ncy.get(_selectors.bookStoreSelectors.gitPocketBook).click();\ncy.contains('Add To Your Collection').click();\ncy.on('window:alert', text => {\n  expect(text).to.equal('Book added to your collection.');\n});\ncy.contains('Profile').click({\n  force: true\n});\ncy.get(_selectors.bookStoreSelectors.gitPocketBook).should('be.visible');",
              "err": {
                "message": "AssertionError: The following error originated from your application code, not from Cypress. It was caused by an unhandled promise rejection.\n\n  > expected 'Book already present in the your collection!' to equal 'Book added to your collection.'\n\nWhen Cypress detects uncaught errors originating from your application it will automatically fail the current test.\n\nThis behavior is configurable, and you can choose to turn this off by listening to the `uncaught:exception` event.\n\nhttps://on.cypress.io/uncaught-exception-from-application",
                "estack": "AssertionError: The following error originated from your application code, not from Cypress. It was caused by an unhandled promise rejection.\n\n  > expected 'Book already present in the your collection!' to equal 'Book added to your collection.'\n\nWhen Cypress detects uncaught errors originating from your application it will automatically fail the current test.\n\nThis behavior is configurable, and you can choose to turn this off by listening to the `uncaught:exception` event.\n\nhttps://on.cypress.io/uncaught-exception-from-application\n    at Context.eval (https://demoqa.com/__cypress/tests?p=cypress\\tests\\web\\bookStore.spec.js:148:57)",
                "diff": "- '\\'Book already present in the your collection!\\''\n+ '\\'Book added to your collection.\\''\n"
              },
              "uuid": "894511e3-5c56-42eb-a234-2881254a6b00",
              "parentUUID": "3fa3a032-36ad-4bab-9d31-13eb100c0088",
              "isHook": false,
              "skipped": false
            },
            {
              "title": "Not able to add the same book twice",
              "fullTitle": "Validate Book Store functionalities Not able to add the same book twice",
              "timedOut": null,
              "duration": 0,
              "state": "pending",
              "speed": null,
              "pass": false,
              "fail": false,
              "pending": true,
              "context": null,
              "code": "",
              "err": {},
              "uuid": "16b76452-3962-4e71-b8bc-cd21940c1dc2",
              "parentUUID": "3fa3a032-36ad-4bab-9d31-13eb100c0088",
              "isHook": false,
              "skipped": false
            },
            {
              "title": "Delete All Books button works fine",
              "fullTitle": "Validate Book Store functionalities Delete All Books button works fine",
              "timedOut": null,
              "duration": 4093,
              "state": "passed",
              "speed": "fast",
              "pass": true,
              "fail": false,
              "pending": false,
              "context": null,
              "code": "cy.contains(_selectors.profileSelectors.deleteAllBooksButton).click();\ncy.get(_selectors.profileSelectors.modalOkButton).click();\ncy.get(_selectors.bookStoreSelectors.gitPocketBook).should('not.exist');",
              "err": {},
              "uuid": "2e209cb2-e92a-4300-aa8b-75d377dab9a0",
              "parentUUID": "3fa3a032-36ad-4bab-9d31-13eb100c0088",
              "isHook": false,
              "skipped": false
            },
            {
              "title": "Register page is correctly displayed",
              "fullTitle": "Validate Book Store functionalities Register page is correctly displayed",
              "timedOut": null,
              "duration": 0,
              "state": "pending",
              "speed": null,
              "pass": false,
              "fail": false,
              "pending": true,
              "context": null,
              "code": "",
              "err": {},
              "uuid": "af45e16c-0515-4b02-8d4d-a7fc196bba35",
              "parentUUID": "3fa3a032-36ad-4bab-9d31-13eb100c0088",
              "isHook": false,
              "skipped": false
            },
            {
              "title": "Log Out works fine",
              "fullTitle": "Validate Book Store functionalities Log Out works fine",
              "timedOut": null,
              "duration": 0,
              "state": "pending",
              "speed": null,
              "pass": false,
              "fail": false,
              "pending": true,
              "context": null,
              "code": "",
              "err": {},
              "uuid": "9f1e283f-8417-46a6-8393-92b02c4d2e01",
              "parentUUID": "3fa3a032-36ad-4bab-9d31-13eb100c0088",
              "isHook": false,
              "skipped": false
            }
          ],
          "suites": [],
          "passes": [
            "f602f274-d7d4-4621-ac9c-746b592e537f",
            "2e209cb2-e92a-4300-aa8b-75d377dab9a0"
          ],
          "failures": [
            "894511e3-5c56-42eb-a234-2881254a6b00"
          ],
          "pending": [
            "16b76452-3962-4e71-b8bc-cd21940c1dc2",
            "af45e16c-0515-4b02-8d4d-a7fc196bba35",
            "9f1e283f-8417-46a6-8393-92b02c4d2e01"
          ],
          "skipped": [],
          "duration": 38350,
          "root": false,
          "rootEmpty": false,
          "_timeout": 2000
        }
      ],
      "passes": [],
      "failures": [],
      "pending": [],
      "skipped": [],
      "duration": 0,
      "root": true,
      "rootEmpty": true,
      "_timeout": 2000
    },
    {
      "uuid": "3d5d7cd3-26d7-474b-a152-b27850125f43",
      "title": "",
      "fullFile": "cypress/tests/web/elementList.spec.js",
      "file": "cypress/tests/web/elementList.spec.js",
      "beforeHooks": [],
      "afterHooks": [],
      "tests": [],
      "suites": [
        {
          "uuid": "3887a48c-081d-47ba-b980-95ebd8f3da44",
          "title": "Validate sub-list",
          "fullFile": "",
          "file": "",
          "beforeHooks": [],
          "afterHooks": [],
          "tests": [
            {
              "title": "Element sublist displays all elements",
              "fullTitle": "Validate sub-list Element sublist displays all elements",
              "timedOut": null,
              "duration": 26041,
              "state": "passed",
              "speed": "slow",
              "pass": true,
              "fail": false,
              "pending": false,
              "context": null,
              "code": "let elementSubList = ['Text Box', 'Check Box', 'Radio Button', 'Web Tables', 'Buttons', 'Links', 'Broken Links - Images', 'Upload and Download', 'Dynamic Properties'];\ncy.itemsAreDisplayed('Elements', elementSubList);",
              "err": {},
              "uuid": "1a4b2261-ab01-40e8-93d4-89553e47a42b",
              "parentUUID": "3887a48c-081d-47ba-b980-95ebd8f3da44",
              "isHook": false,
              "skipped": false
            },
            {
              "title": "Forms sublist displays all elements",
              "fullTitle": "Validate sub-list Forms sublist displays all elements",
              "timedOut": null,
              "duration": 250,
              "state": "passed",
              "speed": "fast",
              "pass": true,
              "fail": false,
              "pending": false,
              "context": null,
              "code": "let formsSubList = ['Practice Form'];\ncy.itemsAreDisplayed('Forms', formsSubList);",
              "err": {},
              "uuid": "cdbfc93a-ea88-46f4-95c9-bf0f40bce245",
              "parentUUID": "3887a48c-081d-47ba-b980-95ebd8f3da44",
              "isHook": false,
              "skipped": false
            },
            {
              "title": "Alerts, Frame & Windows sublist displays all elements",
              "fullTitle": "Validate sub-list Alerts, Frame & Windows sublist displays all elements",
              "timedOut": null,
              "duration": 283,
              "state": "passed",
              "speed": "fast",
              "pass": true,
              "fail": false,
              "pending": false,
              "context": null,
              "code": "let afwSubList = ['Browser Windows', 'Alerts', 'Frames', 'Nested Frames', 'Modal Dialogs'];\ncy.itemsAreDisplayed('Alerts, Frame & Windows', afwSubList);",
              "err": {},
              "uuid": "cc908b7a-a6af-4cbc-95d2-c941e189e2bd",
              "parentUUID": "3887a48c-081d-47ba-b980-95ebd8f3da44",
              "isHook": false,
              "skipped": false
            },
            {
              "title": "Widgets sublist displays all elements",
              "fullTitle": "Validate sub-list Widgets sublist displays all elements",
              "timedOut": null,
              "duration": 403,
              "state": "passed",
              "speed": "fast",
              "pass": true,
              "fail": false,
              "pending": false,
              "context": null,
              "code": "let widgetsSubList = ['Accordian', 'Auto Complete', 'Date Picker', 'Slider', 'Progress Bar', 'Tabs', 'Tool Tips', 'Menu', 'Select Menu'];\ncy.itemsAreDisplayed('Widgets', widgetsSubList);",
              "err": {},
              "uuid": "eb4bd92c-a651-4fe1-a135-37a4c878a568",
              "parentUUID": "3887a48c-081d-47ba-b980-95ebd8f3da44",
              "isHook": false,
              "skipped": false
            },
            {
              "title": "Interactions sublist displays all elements",
              "fullTitle": "Validate sub-list Interactions sublist displays all elements",
              "timedOut": null,
              "duration": 262,
              "state": "passed",
              "speed": "fast",
              "pass": true,
              "fail": false,
              "pending": false,
              "context": null,
              "code": "let interactionsSubList = ['Sortable', 'Selectable', 'Resizable', 'Droppable', 'Dragabble'];\ncy.itemsAreDisplayed('Interactions', interactionsSubList);",
              "err": {},
              "uuid": "a30d1185-ca29-4457-b9cb-e8f3a241b94e",
              "parentUUID": "3887a48c-081d-47ba-b980-95ebd8f3da44",
              "isHook": false,
              "skipped": false
            },
            {
              "title": "Book Store Application sublist displays all elements",
              "fullTitle": "Validate sub-list Book Store Application sublist displays all elements",
              "timedOut": null,
              "duration": 230,
              "state": "passed",
              "speed": "fast",
              "pass": true,
              "fail": false,
              "pending": false,
              "context": null,
              "code": "let bookstoreSubList = ['Login', 'Book Store', 'Profile', 'Book Store API'];\ncy.itemsAreDisplayed('Book Store Application', bookstoreSubList);",
              "err": {},
              "uuid": "7f0d8c2e-cb00-49ac-b96d-5885522d777b",
              "parentUUID": "3887a48c-081d-47ba-b980-95ebd8f3da44",
              "isHook": false,
              "skipped": false
            }
          ],
          "suites": [],
          "passes": [
            "1a4b2261-ab01-40e8-93d4-89553e47a42b",
            "cdbfc93a-ea88-46f4-95c9-bf0f40bce245",
            "cc908b7a-a6af-4cbc-95d2-c941e189e2bd",
            "eb4bd92c-a651-4fe1-a135-37a4c878a568",
            "a30d1185-ca29-4457-b9cb-e8f3a241b94e",
            "7f0d8c2e-cb00-49ac-b96d-5885522d777b"
          ],
          "failures": [],
          "pending": [],
          "skipped": [],
          "duration": 27469,
          "root": false,
          "rootEmpty": false,
          "_timeout": 2000
        }
      ],
      "passes": [],
      "failures": [],
      "pending": [],
      "skipped": [],
      "duration": 0,
      "root": true,
      "rootEmpty": true,
      "_timeout": 2000
    },
    {
      "uuid": "a5e126e5-9d3b-4ce1-847a-6e2f0823079a",
      "title": "",
      "fullFile": "cypress/tests/api/pet.spec.js",
      "file": "cypress/tests/api/pet.spec.js",
      "beforeHooks": [],
      "afterHooks": [],
      "tests": [],
      "suites": [
        {
          "uuid": "489986d7-647c-464d-a0ff-3f0009bb1333",
          "title": "Handle pets data",
          "fullFile": "",
          "file": "",
          "beforeHooks": [],
          "afterHooks": [],
          "tests": [
            {
              "title": "Add new pet to store functionality should return 200",
              "fullTitle": "Handle pets data Add new pet to store functionality should return 200",
              "timedOut": null,
              "duration": 796,
              "state": "passed",
              "speed": "fast",
              "pass": true,
              "fail": false,
              "pending": false,
              "context": null,
              "code": "cy.addPet(newPetData).then(response => {\n  expect(response.status).to.eq(200);\n});",
              "err": {},
              "uuid": "5f45ccac-40c7-4ec9-9668-676d039074ca",
              "parentUUID": "489986d7-647c-464d-a0ff-3f0009bb1333",
              "isHook": false,
              "skipped": false
            },
            {
              "title": "Find a pet by ID should return correct pet data",
              "fullTitle": "Handle pets data Find a pet by ID should return correct pet data",
              "timedOut": null,
              "duration": 191,
              "state": "passed",
              "speed": "fast",
              "pass": true,
              "fail": false,
              "pending": false,
              "context": null,
              "code": "cy.getPetById(newPetData.id).then(response => {\n  expect(response.status).to.eq(200);\n  expect(response.body.id).to.not.null;\n  expect(response.body.name).to.not.null;\n  expect(response.body.status).to.not.null;\n});",
              "err": {},
              "uuid": "b02bf7a3-60cc-48f1-975a-4f2f7769030b",
              "parentUUID": "489986d7-647c-464d-a0ff-3f0009bb1333",
              "isHook": false,
              "skipped": false
            },
            {
              "title": "Delete a pet should return 200",
              "fullTitle": "Handle pets data Delete a pet should return 200",
              "timedOut": null,
              "duration": 176,
              "state": "passed",
              "speed": "fast",
              "pass": true,
              "fail": false,
              "pending": false,
              "context": null,
              "code": "cy.deletePet(newPetData.id, api_key).then(response => {\n  expect(response.status).to.eq(200);\n});",
              "err": {},
              "uuid": "37dc23e8-a40f-40d7-b3ae-b0134c63577e",
              "parentUUID": "489986d7-647c-464d-a0ff-3f0009bb1333",
              "isHook": false,
              "skipped": false
            }
          ],
          "suites": [],
          "passes": [
            "5f45ccac-40c7-4ec9-9668-676d039074ca",
            "b02bf7a3-60cc-48f1-975a-4f2f7769030b",
            "37dc23e8-a40f-40d7-b3ae-b0134c63577e"
          ],
          "failures": [],
          "pending": [],
          "skipped": [],
          "duration": 1163,
          "root": false,
          "rootEmpty": false,
          "_timeout": 2000
        }
      ],
      "passes": [],
      "failures": [],
      "pending": [],
      "skipped": [],
      "duration": 0,
      "root": true,
      "rootEmpty": true,
      "_timeout": 2000
    }
  ],
  "meta": {
    "mocha": {
      "version": "7.0.1"
    },
    "mochawesome": {
      "options": {
        "quiet": false,
        "reportFilename": "mochawesome",
        "saveHtml": false,
        "saveJson": true,
        "consoleReporter": "spec",
        "useInlineDiffs": false,
        "code": true
      },
      "version": "6.3.1"
    },
    "marge": {
      "options": {
        "charts": true,
        "overwrite": false,
        "html": false,
        "json": true,
        "reportDir": "cypress/reports/mochawesome-report"
      },
      "version": "5.2.0"
    }
  }
}