{
  "stats": {
    "suites": 5,
    "tests": 22,
    "passes": 20,
    "pending": 2,
    "failures": 0,
    "start": "2021-11-03T23:18:01.060Z",
    "end": "2021-11-03T23:18:46.308Z",
    "duration": 37247,
    "testsRegistered": 22,
    "passPercent": 90.9090909090909,
    "pendingPercent": 9.090909090909092,
    "other": 0,
    "hasOther": false,
    "skipped": 0,
    "hasSkipped": false
  },
  "results": [
    {
      "uuid": "f41f0cf2-2702-4e88-bbd5-90c08478672d",
      "title": "",
      "fullFile": "cypress/tests/api/store.spec.js",
      "file": "cypress/tests/api/store.spec.js",
      "beforeHooks": [],
      "afterHooks": [],
      "tests": [],
      "suites": [
        {
          "uuid": "546dd9c1-7375-40d0-bb33-86fdb2a8cea3",
          "title": "Handle pet store data",
          "fullFile": "",
          "file": "",
          "beforeHooks": [],
          "afterHooks": [],
          "tests": [
            {
              "title": "Place new order should return 200",
              "fullTitle": "Handle pet store data Place new order should return 200",
              "timedOut": null,
              "duration": 175,
              "state": "passed",
              "speed": "fast",
              "pass": true,
              "fail": false,
              "pending": false,
              "context": null,
              "code": "cy.placeOrder(newOrderData).then(response => {\n  expect(response.status).to.eq(200);\n});",
              "err": {},
              "uuid": "c5fcdea4-ef18-43f2-83a3-e78306e9e75e",
              "parentUUID": "546dd9c1-7375-40d0-bb33-86fdb2a8cea3",
              "isHook": false,
              "skipped": false
            },
            {
              "title": "Find an order by ID should return data",
              "fullTitle": "Handle pet store data Find an order by ID should return data",
              "timedOut": null,
              "duration": 161,
              "state": "passed",
              "speed": "fast",
              "pass": true,
              "fail": false,
              "pending": false,
              "context": null,
              "code": "cy.getOrderById(4).then(response => {\n  expect(response.status).to.eq(200);\n  expect(response.body.id).to.not.null;\n  expect(response.body.petId).to.not.null;\n  expect(response.body.quantity).to.not.null;\n  expect(response.body.shipDate).to.not.null;\n  expect(response.body.status).to.not.null;\n  expect(response.body.complete).to.not.null;\n});",
              "err": {},
              "uuid": "698b087a-9523-4ae6-ad7b-2d6878050f25",
              "parentUUID": "546dd9c1-7375-40d0-bb33-86fdb2a8cea3",
              "isHook": false,
              "skipped": false
            },
            {
              "title": "Delete an order should return 200",
              "fullTitle": "Handle pet store data Delete an order should return 200",
              "timedOut": null,
              "duration": 153,
              "state": "passed",
              "speed": "fast",
              "pass": true,
              "fail": false,
              "pending": false,
              "context": null,
              "code": "cy.deleteOrder(newOrderData.id).then(response => {\n  expect(response.status).to.eq(200);\n});",
              "err": {},
              "uuid": "819124ad-80b7-4b47-a84e-6ade9149e5ae",
              "parentUUID": "546dd9c1-7375-40d0-bb33-86fdb2a8cea3",
              "isHook": false,
              "skipped": false
            }
          ],
          "suites": [],
          "passes": [
            "c5fcdea4-ef18-43f2-83a3-e78306e9e75e",
            "698b087a-9523-4ae6-ad7b-2d6878050f25",
            "819124ad-80b7-4b47-a84e-6ade9149e5ae"
          ],
          "failures": [],
          "pending": [],
          "skipped": [],
          "duration": 489,
          "root": false,
          "rootEmpty": false,
          "_timeout": 2000
        }
      ],
      "passes": [],
      "failures": [],
      "pending": [],
      "skipped": [],
      "duration": 0,
      "root": true,
      "rootEmpty": true,
      "_timeout": 2000
    },
    {
      "uuid": "e247146d-34f1-430c-a2db-e242c5a2c907",
      "title": "",
      "fullFile": "cypress/tests/api/user.spec.js",
      "file": "cypress/tests/api/user.spec.js",
      "beforeHooks": [],
      "afterHooks": [],
      "tests": [],
      "suites": [
        {
          "uuid": "956f98f1-6031-48c5-be0b-b7dd986578ab",
          "title": "Handle users data",
          "fullFile": "",
          "file": "",
          "beforeHooks": [],
          "afterHooks": [],
          "tests": [
            {
              "title": "Create new user",
              "fullTitle": "Handle users data Create new user",
              "timedOut": null,
              "duration": 172,
              "state": "passed",
              "speed": "fast",
              "pass": true,
              "fail": false,
              "pending": false,
              "context": null,
              "code": "cy.createUser(newUserData).then(response => {\n  expect(response.status).to.eq(200);\n});",
              "err": {},
              "uuid": "d7ec78f8-64d4-4907-a3b0-f53e1698b043",
              "parentUUID": "956f98f1-6031-48c5-be0b-b7dd986578ab",
              "isHook": false,
              "skipped": false
            },
            {
              "title": "Get user data by name",
              "fullTitle": "Handle users data Get user data by name",
              "timedOut": null,
              "duration": 161,
              "state": "passed",
              "speed": "fast",
              "pass": true,
              "fail": false,
              "pending": false,
              "context": null,
              "code": "cy.getUserByName(newUserData.username).then(response => {\n  expect(response.status).to.eq(200);\n  expect(response.body.id).to.not.null;\n  expect(response.body.firstName).to.not.null;\n  expect(response.body.lastName).to.not.null;\n  expect(response.body.email).to.not.null;\n  expect(response.body.password).to.not.null;\n  expect(response.body.phone).to.not.null;\n  expect(response.body.userStatus).to.not.null;\n});",
              "err": {},
              "uuid": "30d26f82-522e-460d-9253-055ccd936bd9",
              "parentUUID": "956f98f1-6031-48c5-be0b-b7dd986578ab",
              "isHook": false,
              "skipped": false
            },
            {
              "title": "Login user",
              "fullTitle": "Handle users data Login user",
              "timedOut": null,
              "duration": 153,
              "state": "passed",
              "speed": "fast",
              "pass": true,
              "fail": false,
              "pending": false,
              "context": null,
              "code": "cy.loginUser(newUserData.username, newUserData.password).then(response => {\n  expect(response.status).to.eq(200);\n  expect(response.body.message).to.contain('logged in user session');\n});",
              "err": {},
              "uuid": "92df53fd-59f3-4c7b-b96a-cbe5d368fc3d",
              "parentUUID": "956f98f1-6031-48c5-be0b-b7dd986578ab",
              "isHook": false,
              "skipped": false
            },
            {
              "title": "Logout user",
              "fullTitle": "Handle users data Logout user",
              "timedOut": null,
              "duration": 152,
              "state": "passed",
              "speed": "fast",
              "pass": true,
              "fail": false,
              "pending": false,
              "context": null,
              "code": "cy.logoutUser().then(response => {\n  expect(response.status).to.eq(200);\n  expect(response.body.message).to.equal('ok');\n});",
              "err": {},
              "uuid": "1f4d8150-68ea-4459-8e65-4825a0ea30b4",
              "parentUUID": "956f98f1-6031-48c5-be0b-b7dd986578ab",
              "isHook": false,
              "skipped": false
            }
          ],
          "suites": [],
          "passes": [
            "d7ec78f8-64d4-4907-a3b0-f53e1698b043",
            "30d26f82-522e-460d-9253-055ccd936bd9",
            "92df53fd-59f3-4c7b-b96a-cbe5d368fc3d",
            "1f4d8150-68ea-4459-8e65-4825a0ea30b4"
          ],
          "failures": [],
          "pending": [],
          "skipped": [],
          "duration": 638,
          "root": false,
          "rootEmpty": false,
          "_timeout": 2000
        }
      ],
      "passes": [],
      "failures": [],
      "pending": [],
      "skipped": [],
      "duration": 0,
      "root": true,
      "rootEmpty": true,
      "_timeout": 2000
    },
    {
      "uuid": "f16631cc-4cb2-4ea8-8376-8a03ec375536",
      "title": "",
      "fullFile": "cypress/tests/web/bookStore.spec.js",
      "file": "cypress/tests/web/bookStore.spec.js",
      "beforeHooks": [],
      "afterHooks": [],
      "tests": [],
      "suites": [
        {
          "uuid": "347699e2-ad45-4d04-a39f-b35382df2c4a",
          "title": "Validate Book Store functionalities",
          "fullFile": "",
          "file": "",
          "beforeHooks": [],
          "afterHooks": [],
          "tests": [
            {
              "title": "Books information are displayed correctly",
              "fullTitle": "Validate Book Store functionalities Books information are displayed correctly",
              "timedOut": null,
              "duration": 11343,
              "state": "passed",
              "speed": "slow",
              "pass": true,
              "fail": false,
              "pending": false,
              "context": null,
              "code": "let bookInfo = {\n  ISBN: '9781449325862',\n  title: 'Git Pocket Guide',\n  subTitle: 'A Working Introduction',\n  author: 'Richard E. Silverman',\n  publisher: 'O\\'Reilly Media',\n  totalPages: '234',\n  description: 'This pocket guide is the perfect on-the-job companion to Git, the distributed version control system. It provides a compact, readable introduction to Git for new users, as well as a reference to common commands and procedures for those of you with Git exp',\n  website: 'http://chimera.labs.oreilly.com/books/1230000000561/index.html'\n};\ncy.get(_selectors.profileSelectors.goToStoreButton).click();\ncy.get(_selectors.bookStoreSelectors.gitPocketBook).click();\ncy.contains(bookInfo.ISBN).should('be.visible');\ncy.contains(bookInfo.title).should('be.visible');\ncy.contains(bookInfo.subTitle).should('be.visible');\ncy.contains(bookInfo.author).should('be.visible');\ncy.contains(bookInfo.publisher).should('be.visible');\ncy.contains(bookInfo.totalPages).should('be.visible');\ncy.contains(bookInfo.description).should('be.visible');\ncy.contains(bookInfo.website).should('be.visible');",
              "err": {},
              "uuid": "dd57eaf3-4f75-459c-a2a2-d069a55183c2",
              "parentUUID": "347699e2-ad45-4d04-a39f-b35382df2c4a",
              "isHook": false,
              "skipped": false
            },
            {
              "title": "Add to Your Collection button works fine",
              "fullTitle": "Validate Book Store functionalities Add to Your Collection button works fine",
              "timedOut": null,
              "duration": 8081,
              "state": "passed",
              "speed": "medium",
              "pass": true,
              "fail": false,
              "pending": false,
              "context": null,
              "code": "cy.get(_selectors.profileSelectors.goToStoreButton).click();\ncy.get(_selectors.bookStoreSelectors.gitPocketBook).click();\ncy.contains('Add To Your Collection').click();\ncy.on('window:alert', text => {\n  expect(text).to.equal('Book added to your collection.');\n});\ncy.contains('Profile').click({\n  force: true\n});\ncy.get(_selectors.bookStoreSelectors.gitPocketBook).should('be.visible');",
              "err": {},
              "uuid": "725f0090-f012-403c-aebe-ed04a634964e",
              "parentUUID": "347699e2-ad45-4d04-a39f-b35382df2c4a",
              "isHook": false,
              "skipped": false
            },
            {
              "title": "Not able to add the same book twice",
              "fullTitle": "Validate Book Store functionalities Not able to add the same book twice",
              "timedOut": null,
              "duration": 5842,
              "state": "passed",
              "speed": "medium",
              "pass": true,
              "fail": false,
              "pending": false,
              "context": null,
              "code": "cy.get(_selectors.profileSelectors.goToStoreButton).click();\ncy.get(_selectors.bookStoreSelectors.gitPocketBook).click();\ncy.contains('Add To Your Collection').click();\ncy.on('window:alert', text => {\n  expect(text).to.equal('Book already present in the your collection!.');\n});",
              "err": {},
              "uuid": "02fe3aed-1ba4-41ef-bce0-dfabf0d37584",
              "parentUUID": "347699e2-ad45-4d04-a39f-b35382df2c4a",
              "isHook": false,
              "skipped": false
            },
            {
              "title": "Delete All Books button works fine",
              "fullTitle": "Validate Book Store functionalities Delete All Books button works fine",
              "timedOut": null,
              "duration": 3292,
              "state": "passed",
              "speed": "fast",
              "pass": true,
              "fail": false,
              "pending": false,
              "context": null,
              "code": "cy.contains(_selectors.profileSelectors.deleteAllBooksButton).click();\ncy.get(_selectors.profileSelectors.modalOkButton).click();\ncy.get(_selectors.bookStoreSelectors.gitPocketBook).should('not.exist');",
              "err": {},
              "uuid": "fb98cd75-945e-494c-91d8-25404b325a69",
              "parentUUID": "347699e2-ad45-4d04-a39f-b35382df2c4a",
              "isHook": false,
              "skipped": false
            },
            {
              "title": "Register page is correctly displayed",
              "fullTitle": "Validate Book Store functionalities Register page is correctly displayed",
              "timedOut": null,
              "duration": 0,
              "state": "pending",
              "speed": null,
              "pass": false,
              "fail": false,
              "pending": true,
              "context": null,
              "code": "",
              "err": {},
              "uuid": "9aece4b1-ad4c-4f19-b485-e723f5f4ad94",
              "parentUUID": "347699e2-ad45-4d04-a39f-b35382df2c4a",
              "isHook": false,
              "skipped": false
            },
            {
              "title": "Log Out works fine",
              "fullTitle": "Validate Book Store functionalities Log Out works fine",
              "timedOut": null,
              "duration": 0,
              "state": "pending",
              "speed": null,
              "pass": false,
              "fail": false,
              "pending": true,
              "context": null,
              "code": "",
              "err": {},
              "uuid": "4cfcd6ef-5d3b-4ba5-94ea-f544cbd4e57a",
              "parentUUID": "347699e2-ad45-4d04-a39f-b35382df2c4a",
              "isHook": false,
              "skipped": false
            }
          ],
          "suites": [],
          "passes": [
            "dd57eaf3-4f75-459c-a2a2-d069a55183c2",
            "725f0090-f012-403c-aebe-ed04a634964e",
            "02fe3aed-1ba4-41ef-bce0-dfabf0d37584",
            "fb98cd75-945e-494c-91d8-25404b325a69"
          ],
          "failures": [],
          "pending": [
            "9aece4b1-ad4c-4f19-b485-e723f5f4ad94",
            "4cfcd6ef-5d3b-4ba5-94ea-f544cbd4e57a"
          ],
          "skipped": [],
          "duration": 28558,
          "root": false,
          "rootEmpty": false,
          "_timeout": 2000
        }
      ],
      "passes": [],
      "failures": [],
      "pending": [],
      "skipped": [],
      "duration": 0,
      "root": true,
      "rootEmpty": true,
      "_timeout": 2000
    },
    {
      "uuid": "8df9a918-2b9b-4b02-b0fb-28fa7db05480",
      "title": "",
      "fullFile": "cypress/tests/web/elementList.spec.js",
      "file": "cypress/tests/web/elementList.spec.js",
      "beforeHooks": [],
      "afterHooks": [],
      "tests": [],
      "suites": [
        {
          "uuid": "ff290afe-221c-4456-aeeb-b9a4cbe5cb44",
          "title": "Validate sub-list",
          "fullFile": "",
          "file": "",
          "beforeHooks": [],
          "afterHooks": [],
          "tests": [
            {
              "title": "Element sublist displays all elements",
              "fullTitle": "Validate sub-list Element sublist displays all elements",
              "timedOut": null,
              "duration": 5101,
              "state": "passed",
              "speed": "medium",
              "pass": true,
              "fail": false,
              "pending": false,
              "context": null,
              "code": "let elementSubList = ['Text Box', 'Check Box', 'Radio Button', 'Web Tables', 'Buttons', 'Links', 'Broken Links - Images', 'Upload and Download', 'Dynamic Properties'];\ncy.itemsAreDisplayed('Elements', elementSubList);",
              "err": {},
              "uuid": "86026200-32cf-4cab-9fe8-e32939357932",
              "parentUUID": "ff290afe-221c-4456-aeeb-b9a4cbe5cb44",
              "isHook": false,
              "skipped": false
            },
            {
              "title": "Forms sublist displays all elements",
              "fullTitle": "Validate sub-list Forms sublist displays all elements",
              "timedOut": null,
              "duration": 254,
              "state": "passed",
              "speed": "fast",
              "pass": true,
              "fail": false,
              "pending": false,
              "context": null,
              "code": "let formsSubList = ['Practice Form'];\ncy.itemsAreDisplayed('Forms', formsSubList);",
              "err": {},
              "uuid": "04ad9335-1429-4ebe-94bc-fd8b7f3cbdc2",
              "parentUUID": "ff290afe-221c-4456-aeeb-b9a4cbe5cb44",
              "isHook": false,
              "skipped": false
            },
            {
              "title": "Alerts, Frame & Windows sublist displays all elements",
              "fullTitle": "Validate sub-list Alerts, Frame & Windows sublist displays all elements",
              "timedOut": null,
              "duration": 264,
              "state": "passed",
              "speed": "fast",
              "pass": true,
              "fail": false,
              "pending": false,
              "context": null,
              "code": "let afwSubList = ['Browser Windows', 'Alerts', 'Frames', 'Nested Frames', 'Modal Dialogs'];\ncy.itemsAreDisplayed('Alerts, Frame & Windows', afwSubList);",
              "err": {},
              "uuid": "a1327a15-9946-449a-91b0-8a14234135b6",
              "parentUUID": "ff290afe-221c-4456-aeeb-b9a4cbe5cb44",
              "isHook": false,
              "skipped": false
            },
            {
              "title": "Widgets sublist displays all elements",
              "fullTitle": "Validate sub-list Widgets sublist displays all elements",
              "timedOut": null,
              "duration": 389,
              "state": "passed",
              "speed": "fast",
              "pass": true,
              "fail": false,
              "pending": false,
              "context": null,
              "code": "let widgetsSubList = ['Accordian', 'Auto Complete', 'Date Picker', 'Slider', 'Progress Bar', 'Tabs', 'Tool Tips', 'Menu', 'Select Menu'];\ncy.itemsAreDisplayed('Widgets', widgetsSubList);",
              "err": {},
              "uuid": "15c69ce2-85f7-4f10-bf4d-aaf602342c1d",
              "parentUUID": "ff290afe-221c-4456-aeeb-b9a4cbe5cb44",
              "isHook": false,
              "skipped": false
            },
            {
              "title": "Interactions sublist displays all elements",
              "fullTitle": "Validate sub-list Interactions sublist displays all elements",
              "timedOut": null,
              "duration": 241,
              "state": "passed",
              "speed": "fast",
              "pass": true,
              "fail": false,
              "pending": false,
              "context": null,
              "code": "let interactionsSubList = ['Sortable', 'Selectable', 'Resizable', 'Droppable', 'Dragabble'];\ncy.itemsAreDisplayed('Interactions', interactionsSubList);",
              "err": {},
              "uuid": "9cedf4b1-a47e-48c7-af90-7fb995e4a475",
              "parentUUID": "ff290afe-221c-4456-aeeb-b9a4cbe5cb44",
              "isHook": false,
              "skipped": false
            },
            {
              "title": "Book Store Application sublist displays all elements",
              "fullTitle": "Validate sub-list Book Store Application sublist displays all elements",
              "timedOut": null,
              "duration": 218,
              "state": "passed",
              "speed": "fast",
              "pass": true,
              "fail": false,
              "pending": false,
              "context": null,
              "code": "let bookstoreSubList = ['Login', 'Book Store', 'Profile', 'Book Store API'];\ncy.itemsAreDisplayed('Book Store Application', bookstoreSubList);",
              "err": {},
              "uuid": "f77ce0ef-4ad6-4cae-856b-1e98647683e1",
              "parentUUID": "ff290afe-221c-4456-aeeb-b9a4cbe5cb44",
              "isHook": false,
              "skipped": false
            }
          ],
          "suites": [],
          "passes": [
            "86026200-32cf-4cab-9fe8-e32939357932",
            "04ad9335-1429-4ebe-94bc-fd8b7f3cbdc2",
            "a1327a15-9946-449a-91b0-8a14234135b6",
            "15c69ce2-85f7-4f10-bf4d-aaf602342c1d",
            "9cedf4b1-a47e-48c7-af90-7fb995e4a475",
            "f77ce0ef-4ad6-4cae-856b-1e98647683e1"
          ],
          "failures": [],
          "pending": [],
          "skipped": [],
          "duration": 6467,
          "root": false,
          "rootEmpty": false,
          "_timeout": 2000
        }
      ],
      "passes": [],
      "failures": [],
      "pending": [],
      "skipped": [],
      "duration": 0,
      "root": true,
      "rootEmpty": true,
      "_timeout": 2000
    },
    {
      "uuid": "c1bbdd51-27d5-4033-bec0-fc10f796f6f0",
      "title": "",
      "fullFile": "cypress/tests/api/pet.spec.js",
      "file": "cypress/tests/api/pet.spec.js",
      "beforeHooks": [],
      "afterHooks": [],
      "tests": [],
      "suites": [
        {
          "uuid": "f5306e40-846b-4fc0-bfb6-23249014cbef",
          "title": "Handle pets data",
          "fullFile": "",
          "file": "",
          "beforeHooks": [],
          "afterHooks": [],
          "tests": [
            {
              "title": "Add new pet to store functionality should return 200",
              "fullTitle": "Handle pets data Add new pet to store functionality should return 200",
              "timedOut": null,
              "duration": 779,
              "state": "passed",
              "speed": "fast",
              "pass": true,
              "fail": false,
              "pending": false,
              "context": null,
              "code": "cy.addPet(newPetData).then(response => {\n  expect(response.status).to.eq(200);\n});",
              "err": {},
              "uuid": "3252779e-4482-4212-8234-a93512ca2f03",
              "parentUUID": "f5306e40-846b-4fc0-bfb6-23249014cbef",
              "isHook": false,
              "skipped": false
            },
            {
              "title": "Find a pet by ID should return correct pet data",
              "fullTitle": "Handle pets data Find a pet by ID should return correct pet data",
              "timedOut": null,
              "duration": 162,
              "state": "passed",
              "speed": "fast",
              "pass": true,
              "fail": false,
              "pending": false,
              "context": null,
              "code": "cy.getPetById(newPetData.id).then(response => {\n  expect(response.status).to.eq(200);\n  expect(response.body.id).to.not.null;\n  expect(response.body.name).to.not.null;\n  expect(response.body.status).to.not.null;\n});",
              "err": {},
              "uuid": "1a2360aa-c36d-4a23-8687-871a25a728a1",
              "parentUUID": "f5306e40-846b-4fc0-bfb6-23249014cbef",
              "isHook": false,
              "skipped": false
            },
            {
              "title": "Delete a pet should return 200",
              "fullTitle": "Handle pets data Delete a pet should return 200",
              "timedOut": null,
              "duration": 154,
              "state": "passed",
              "speed": "fast",
              "pass": true,
              "fail": false,
              "pending": false,
              "context": null,
              "code": "cy.deletePet(1, api_key).then(response => {\n  expect(response.status).to.eq(200);\n});",
              "err": {},
              "uuid": "25e534cc-9eb3-4d18-90c8-450e84f42d8d",
              "parentUUID": "f5306e40-846b-4fc0-bfb6-23249014cbef",
              "isHook": false,
              "skipped": false
            }
          ],
          "suites": [],
          "passes": [
            "3252779e-4482-4212-8234-a93512ca2f03",
            "1a2360aa-c36d-4a23-8687-871a25a728a1",
            "25e534cc-9eb3-4d18-90c8-450e84f42d8d"
          ],
          "failures": [],
          "pending": [],
          "skipped": [],
          "duration": 1095,
          "root": false,
          "rootEmpty": false,
          "_timeout": 2000
        }
      ],
      "passes": [],
      "failures": [],
      "pending": [],
      "skipped": [],
      "duration": 0,
      "root": true,
      "rootEmpty": true,
      "_timeout": 2000
    }
  ],
  "meta": {
    "mocha": {
      "version": "7.0.1"
    },
    "mochawesome": {
      "options": {
        "quiet": false,
        "reportFilename": "mochawesome",
        "saveHtml": true,
        "saveJson": true,
        "consoleReporter": "spec",
        "useInlineDiffs": false,
        "code": true
      },
      "version": "6.3.1"
    },
    "marge": {
      "options": {
        "charts": true,
        "overwrite": false,
        "html": true,
        "json": true,
        "reportDir": "cypress/reports/mochawesome-report"
      },
      "version": "5.2.0"
    }
  }
}