{
  "stats": {
    "suites": 1,
    "tests": 4,
    "passes": 4,
    "pending": 0,
    "failures": 0,
    "start": "2021-11-04T01:12:01.844Z",
    "end": "2021-11-04T01:12:02.509Z",
    "duration": 665,
    "testsRegistered": 4,
    "passPercent": 100,
    "pendingPercent": 0,
    "other": 0,
    "hasOther": false,
    "skipped": 0,
    "hasSkipped": false
  },
  "results": [
    {
      "uuid": "d8371438-38cf-463f-8b6d-eeadb32d12b5",
      "title": "",
      "fullFile": "cypress/tests/api/user.spec.js",
      "file": "cypress/tests/api/user.spec.js",
      "beforeHooks": [],
      "afterHooks": [],
      "tests": [],
      "suites": [
        {
          "uuid": "75f64b3a-5cf0-4a4b-9be7-ab51ddb76f01",
          "title": "Handle users data",
          "fullFile": "",
          "file": "",
          "beforeHooks": [],
          "afterHooks": [],
          "tests": [
            {
              "title": "Create new user",
              "fullTitle": "Handle users data Create new user",
              "timedOut": null,
              "duration": 172,
              "state": "passed",
              "speed": "fast",
              "pass": true,
              "fail": false,
              "pending": false,
              "context": null,
              "code": "cy.createUser(newUserData).then(response => {\n  expect(response.status).to.eq(200);\n});",
              "err": {},
              "uuid": "8dc2da12-e686-4768-a2d1-e18ade193e8d",
              "parentUUID": "75f64b3a-5cf0-4a4b-9be7-ab51ddb76f01",
              "isHook": false,
              "skipped": false
            },
            {
              "title": "Get user data by name",
              "fullTitle": "Handle users data Get user data by name",
              "timedOut": null,
              "duration": 161,
              "state": "passed",
              "speed": "fast",
              "pass": true,
              "fail": false,
              "pending": false,
              "context": null,
              "code": "cy.getUserByName(newUserData.username).then(response => {\n  expect(response.status).to.eq(200);\n  expect(response.body.id).to.not.null;\n  expect(response.body.firstName).to.not.null;\n  expect(response.body.lastName).to.not.null;\n  expect(response.body.email).to.not.null;\n  expect(response.body.password).to.not.null;\n  expect(response.body.phone).to.not.null;\n  expect(response.body.userStatus).to.not.null;\n});",
              "err": {},
              "uuid": "5d377f14-f1b8-4536-bbc8-c5f8d4c0093d",
              "parentUUID": "75f64b3a-5cf0-4a4b-9be7-ab51ddb76f01",
              "isHook": false,
              "skipped": false
            },
            {
              "title": "Login user",
              "fullTitle": "Handle users data Login user",
              "timedOut": null,
              "duration": 154,
              "state": "passed",
              "speed": "fast",
              "pass": true,
              "fail": false,
              "pending": false,
              "context": null,
              "code": "cy.loginUser(newUserData.username, newUserData.password).then(response => {\n  expect(response.status).to.eq(200);\n  expect(response.body.message).to.contain('logged in user session');\n});",
              "err": {},
              "uuid": "e9a13c4f-2f8a-4352-b94a-a6b41b551d49",
              "parentUUID": "75f64b3a-5cf0-4a4b-9be7-ab51ddb76f01",
              "isHook": false,
              "skipped": false
            },
            {
              "title": "Logout user",
              "fullTitle": "Handle users data Logout user",
              "timedOut": null,
              "duration": 154,
              "state": "passed",
              "speed": "fast",
              "pass": true,
              "fail": false,
              "pending": false,
              "context": null,
              "code": "cy.logoutUser().then(response => {\n  expect(response.status).to.eq(200);\n  expect(response.body.message).to.equal('ok');\n});",
              "err": {},
              "uuid": "16e724b0-6746-4e4e-aa74-42876ae7e8df",
              "parentUUID": "75f64b3a-5cf0-4a4b-9be7-ab51ddb76f01",
              "isHook": false,
              "skipped": false
            }
          ],
          "suites": [],
          "passes": [
            "8dc2da12-e686-4768-a2d1-e18ade193e8d",
            "5d377f14-f1b8-4536-bbc8-c5f8d4c0093d",
            "e9a13c4f-2f8a-4352-b94a-a6b41b551d49",
            "16e724b0-6746-4e4e-aa74-42876ae7e8df"
          ],
          "failures": [],
          "pending": [],
          "skipped": [],
          "duration": 641,
          "root": false,
          "rootEmpty": false,
          "_timeout": 2000
        }
      ],
      "passes": [],
      "failures": [],
      "pending": [],
      "skipped": [],
      "duration": 0,
      "root": true,
      "rootEmpty": true,
      "_timeout": 2000
    }
  ],
  "meta": {
    "mocha": {
      "version": "7.0.1"
    },
    "mochawesome": {
      "options": {
        "quiet": false,
        "reportFilename": "mochawesome",
        "saveHtml": false,
        "saveJson": true,
        "consoleReporter": "spec",
        "useInlineDiffs": false,
        "code": true
      },
      "version": "6.3.1"
    },
    "marge": {
      "options": {
        "charts": true,
        "overwrite": false,
        "html": false,
        "json": true,
        "reportDir": "cypress/reports/mochawesome-report"
      },
      "version": "5.2.0"
    }
  }
}