{
  "stats": {
    "suites": 1,
    "tests": 3,
    "passes": 3,
    "pending": 0,
    "failures": 0,
    "start": "2021-11-04T01:11:57.436Z",
    "end": "2021-11-04T01:11:59.034Z",
    "duration": 1598,
    "testsRegistered": 3,
    "passPercent": 100,
    "pendingPercent": 0,
    "other": 0,
    "hasOther": false,
    "skipped": 0,
    "hasSkipped": false
  },
  "results": [
    {
      "uuid": "a5e126e5-9d3b-4ce1-847a-6e2f0823079a",
      "title": "",
      "fullFile": "cypress/tests/api/pet.spec.js",
      "file": "cypress/tests/api/pet.spec.js",
      "beforeHooks": [],
      "afterHooks": [],
      "tests": [],
      "suites": [
        {
          "uuid": "489986d7-647c-464d-a0ff-3f0009bb1333",
          "title": "Handle pets data",
          "fullFile": "",
          "file": "",
          "beforeHooks": [],
          "afterHooks": [],
          "tests": [
            {
              "title": "Add new pet to store functionality should return 200",
              "fullTitle": "Handle pets data Add new pet to store functionality should return 200",
              "timedOut": null,
              "duration": 796,
              "state": "passed",
              "speed": "fast",
              "pass": true,
              "fail": false,
              "pending": false,
              "context": null,
              "code": "cy.addPet(newPetData).then(response => {\n  expect(response.status).to.eq(200);\n});",
              "err": {},
              "uuid": "5f45ccac-40c7-4ec9-9668-676d039074ca",
              "parentUUID": "489986d7-647c-464d-a0ff-3f0009bb1333",
              "isHook": false,
              "skipped": false
            },
            {
              "title": "Find a pet by ID should return correct pet data",
              "fullTitle": "Handle pets data Find a pet by ID should return correct pet data",
              "timedOut": null,
              "duration": 191,
              "state": "passed",
              "speed": "fast",
              "pass": true,
              "fail": false,
              "pending": false,
              "context": null,
              "code": "cy.getPetById(newPetData.id).then(response => {\n  expect(response.status).to.eq(200);\n  expect(response.body.id).to.not.null;\n  expect(response.body.name).to.not.null;\n  expect(response.body.status).to.not.null;\n});",
              "err": {},
              "uuid": "b02bf7a3-60cc-48f1-975a-4f2f7769030b",
              "parentUUID": "489986d7-647c-464d-a0ff-3f0009bb1333",
              "isHook": false,
              "skipped": false
            },
            {
              "title": "Delete a pet should return 200",
              "fullTitle": "Handle pets data Delete a pet should return 200",
              "timedOut": null,
              "duration": 176,
              "state": "passed",
              "speed": "fast",
              "pass": true,
              "fail": false,
              "pending": false,
              "context": null,
              "code": "cy.deletePet(newPetData.id, api_key).then(response => {\n  expect(response.status).to.eq(200);\n});",
              "err": {},
              "uuid": "37dc23e8-a40f-40d7-b3ae-b0134c63577e",
              "parentUUID": "489986d7-647c-464d-a0ff-3f0009bb1333",
              "isHook": false,
              "skipped": false
            }
          ],
          "suites": [],
          "passes": [
            "5f45ccac-40c7-4ec9-9668-676d039074ca",
            "b02bf7a3-60cc-48f1-975a-4f2f7769030b",
            "37dc23e8-a40f-40d7-b3ae-b0134c63577e"
          ],
          "failures": [],
          "pending": [],
          "skipped": [],
          "duration": 1163,
          "root": false,
          "rootEmpty": false,
          "_timeout": 2000
        }
      ],
      "passes": [],
      "failures": [],
      "pending": [],
      "skipped": [],
      "duration": 0,
      "root": true,
      "rootEmpty": true,
      "_timeout": 2000
    }
  ],
  "meta": {
    "mocha": {
      "version": "7.0.1"
    },
    "mochawesome": {
      "options": {
        "quiet": false,
        "reportFilename": "mochawesome",
        "saveHtml": false,
        "saveJson": true,
        "consoleReporter": "spec",
        "useInlineDiffs": false,
        "code": true
      },
      "version": "6.3.1"
    },
    "marge": {
      "options": {
        "charts": true,
        "overwrite": false,
        "html": false,
        "json": true,
        "reportDir": "cypress/reports/mochawesome-report"
      },
      "version": "5.2.0"
    }
  }
}