{
  "stats": {
    "suites": 1,
    "tests": 4,
    "passes": 2,
    "pending": 3,
    "failures": -1,
    "start": "2021-11-04T01:12:03.381Z",
    "end": "2021-11-04T01:12:52.012Z",
    "duration": 48631,
    "testsRegistered": 6,
    "passPercent": 66.66666666666666,
    "pendingPercent": 50,
    "other": 2,
    "hasOther": true,
    "skipped": 0,
    "hasSkipped": false
  },
  "results": [
    {
      "uuid": "d9ab2acc-93c9-4abf-b8ce-cfc5cb481b30",
      "title": "",
      "fullFile": "cypress/tests/web/bookStore.spec.js",
      "file": "cypress/tests/web/bookStore.spec.js",
      "beforeHooks": [],
      "afterHooks": [],
      "tests": [],
      "suites": [
        {
          "uuid": "3fa3a032-36ad-4bab-9d31-13eb100c0088",
          "title": "Validate Book Store functionalities",
          "fullFile": "",
          "file": "",
          "beforeHooks": [],
          "afterHooks": [],
          "tests": [
            {
              "title": "Books information are displayed correctly",
              "fullTitle": "Validate Book Store functionalities Books information are displayed correctly",
              "timedOut": null,
              "duration": 27977,
              "state": "passed",
              "speed": "slow",
              "pass": true,
              "fail": false,
              "pending": false,
              "context": null,
              "code": "let bookInfo = {\n  ISBN: '9781449325862',\n  title: 'Git Pocket Guide',\n  subTitle: 'A Working Introduction',\n  author: 'Richard E. Silverman',\n  publisher: 'O\\'Reilly Media',\n  totalPages: '234',\n  description: 'This pocket guide is the perfect on-the-job companion to Git, the distributed version control system. It provides a compact, readable introduction to Git for new users, as well as a reference to common commands and procedures for those of you with Git exp',\n  website: 'http://chimera.labs.oreilly.com/books/1230000000561/index.html'\n};\ncy.get(_selectors.profileSelectors.goToStoreButton).click();\ncy.get(_selectors.bookStoreSelectors.gitPocketBook).click();\ncy.contains(bookInfo.ISBN).should('be.visible');\ncy.contains(bookInfo.title).should('be.visible');\ncy.contains(bookInfo.subTitle).should('be.visible');\ncy.contains(bookInfo.author).should('be.visible');\ncy.contains(bookInfo.publisher).should('be.visible');\ncy.contains(bookInfo.totalPages).should('be.visible');\ncy.contains(bookInfo.description).should('be.visible');\ncy.contains(bookInfo.website).should('be.visible');",
              "err": {},
              "uuid": "f602f274-d7d4-4621-ac9c-746b592e537f",
              "parentUUID": "3fa3a032-36ad-4bab-9d31-13eb100c0088",
              "isHook": false,
              "skipped": false
            },
            {
              "title": "Add to Your Collection button works fine",
              "fullTitle": "Validate Book Store functionalities Add to Your Collection button works fine",
              "timedOut": null,
              "duration": 6280,
              "state": "failed",
              "speed": null,
              "pass": false,
              "fail": true,
              "pending": false,
              "context": null,
              "code": "cy.get(_selectors.profileSelectors.goToStoreButton).click();\ncy.get(_selectors.bookStoreSelectors.gitPocketBook).click();\ncy.contains('Add To Your Collection').click();\ncy.on('window:alert', text => {\n  expect(text).to.equal('Book added to your collection.');\n});\ncy.contains('Profile').click({\n  force: true\n});\ncy.get(_selectors.bookStoreSelectors.gitPocketBook).should('be.visible');",
              "err": {
                "message": "AssertionError: The following error originated from your application code, not from Cypress. It was caused by an unhandled promise rejection.\n\n  > expected 'Book already present in the your collection!' to equal 'Book added to your collection.'\n\nWhen Cypress detects uncaught errors originating from your application it will automatically fail the current test.\n\nThis behavior is configurable, and you can choose to turn this off by listening to the `uncaught:exception` event.\n\nhttps://on.cypress.io/uncaught-exception-from-application",
                "estack": "AssertionError: The following error originated from your application code, not from Cypress. It was caused by an unhandled promise rejection.\n\n  > expected 'Book already present in the your collection!' to equal 'Book added to your collection.'\n\nWhen Cypress detects uncaught errors originating from your application it will automatically fail the current test.\n\nThis behavior is configurable, and you can choose to turn this off by listening to the `uncaught:exception` event.\n\nhttps://on.cypress.io/uncaught-exception-from-application\n    at Context.eval (https://demoqa.com/__cypress/tests?p=cypress\\tests\\web\\bookStore.spec.js:148:57)",
                "diff": "- '\\'Book already present in the your collection!\\''\n+ '\\'Book added to your collection.\\''\n"
              },
              "uuid": "894511e3-5c56-42eb-a234-2881254a6b00",
              "parentUUID": "3fa3a032-36ad-4bab-9d31-13eb100c0088",
              "isHook": false,
              "skipped": false
            },
            {
              "title": "Not able to add the same book twice",
              "fullTitle": "Validate Book Store functionalities Not able to add the same book twice",
              "timedOut": null,
              "duration": 0,
              "state": "pending",
              "speed": null,
              "pass": false,
              "fail": false,
              "pending": true,
              "context": null,
              "code": "",
              "err": {},
              "uuid": "16b76452-3962-4e71-b8bc-cd21940c1dc2",
              "parentUUID": "3fa3a032-36ad-4bab-9d31-13eb100c0088",
              "isHook": false,
              "skipped": false
            },
            {
              "title": "Delete All Books button works fine",
              "fullTitle": "Validate Book Store functionalities Delete All Books button works fine",
              "timedOut": null,
              "duration": 4093,
              "state": "passed",
              "speed": "fast",
              "pass": true,
              "fail": false,
              "pending": false,
              "context": null,
              "code": "cy.contains(_selectors.profileSelectors.deleteAllBooksButton).click();\ncy.get(_selectors.profileSelectors.modalOkButton).click();\ncy.get(_selectors.bookStoreSelectors.gitPocketBook).should('not.exist');",
              "err": {},
              "uuid": "2e209cb2-e92a-4300-aa8b-75d377dab9a0",
              "parentUUID": "3fa3a032-36ad-4bab-9d31-13eb100c0088",
              "isHook": false,
              "skipped": false
            },
            {
              "title": "Register page is correctly displayed",
              "fullTitle": "Validate Book Store functionalities Register page is correctly displayed",
              "timedOut": null,
              "duration": 0,
              "state": "pending",
              "speed": null,
              "pass": false,
              "fail": false,
              "pending": true,
              "context": null,
              "code": "",
              "err": {},
              "uuid": "af45e16c-0515-4b02-8d4d-a7fc196bba35",
              "parentUUID": "3fa3a032-36ad-4bab-9d31-13eb100c0088",
              "isHook": false,
              "skipped": false
            },
            {
              "title": "Log Out works fine",
              "fullTitle": "Validate Book Store functionalities Log Out works fine",
              "timedOut": null,
              "duration": 0,
              "state": "pending",
              "speed": null,
              "pass": false,
              "fail": false,
              "pending": true,
              "context": null,
              "code": "",
              "err": {},
              "uuid": "9f1e283f-8417-46a6-8393-92b02c4d2e01",
              "parentUUID": "3fa3a032-36ad-4bab-9d31-13eb100c0088",
              "isHook": false,
              "skipped": false
            }
          ],
          "suites": [],
          "passes": [
            "f602f274-d7d4-4621-ac9c-746b592e537f",
            "2e209cb2-e92a-4300-aa8b-75d377dab9a0"
          ],
          "failures": [
            "894511e3-5c56-42eb-a234-2881254a6b00"
          ],
          "pending": [
            "16b76452-3962-4e71-b8bc-cd21940c1dc2",
            "af45e16c-0515-4b02-8d4d-a7fc196bba35",
            "9f1e283f-8417-46a6-8393-92b02c4d2e01"
          ],
          "skipped": [],
          "duration": 38350,
          "root": false,
          "rootEmpty": false,
          "_timeout": 2000
        }
      ],
      "passes": [],
      "failures": [],
      "pending": [],
      "skipped": [],
      "duration": 0,
      "root": true,
      "rootEmpty": true,
      "_timeout": 2000
    }
  ],
  "meta": {
    "mocha": {
      "version": "7.0.1"
    },
    "mochawesome": {
      "options": {
        "quiet": false,
        "reportFilename": "mochawesome",
        "saveHtml": false,
        "saveJson": true,
        "consoleReporter": "spec",
        "useInlineDiffs": false,
        "code": true
      },
      "version": "6.3.1"
    },
    "marge": {
      "options": {
        "charts": true,
        "overwrite": false,
        "html": false,
        "json": true,
        "reportDir": "cypress/reports/mochawesome-report"
      },
      "version": "5.2.0"
    }
  }
}