{
  "stats": {
    "suites": 1,
    "tests": 3,
    "passes": 3,
    "pending": 0,
    "failures": 0,
    "start": "2021-11-03T23:18:03.098Z",
    "end": "2021-11-03T23:18:03.607Z",
    "duration": 509,
    "testsRegistered": 3,
    "passPercent": 100,
    "pendingPercent": 0,
    "other": 0,
    "hasOther": false,
    "skipped": 0,
    "hasSkipped": false
  },
  "results": [
    {
      "uuid": "f41f0cf2-2702-4e88-bbd5-90c08478672d",
      "title": "",
      "fullFile": "cypress/tests/api/store.spec.js",
      "file": "cypress/tests/api/store.spec.js",
      "beforeHooks": [],
      "afterHooks": [],
      "tests": [],
      "suites": [
        {
          "uuid": "546dd9c1-7375-40d0-bb33-86fdb2a8cea3",
          "title": "Handle pet store data",
          "fullFile": "",
          "file": "",
          "beforeHooks": [],
          "afterHooks": [],
          "tests": [
            {
              "title": "Place new order should return 200",
              "fullTitle": "Handle pet store data Place new order should return 200",
              "timedOut": null,
              "duration": 175,
              "state": "passed",
              "speed": "fast",
              "pass": true,
              "fail": false,
              "pending": false,
              "context": null,
              "code": "cy.placeOrder(newOrderData).then(response => {\n  expect(response.status).to.eq(200);\n});",
              "err": {},
              "uuid": "c5fcdea4-ef18-43f2-83a3-e78306e9e75e",
              "parentUUID": "546dd9c1-7375-40d0-bb33-86fdb2a8cea3",
              "isHook": false,
              "skipped": false
            },
            {
              "title": "Find an order by ID should return data",
              "fullTitle": "Handle pet store data Find an order by ID should return data",
              "timedOut": null,
              "duration": 161,
              "state": "passed",
              "speed": "fast",
              "pass": true,
              "fail": false,
              "pending": false,
              "context": null,
              "code": "cy.getOrderById(4).then(response => {\n  expect(response.status).to.eq(200);\n  expect(response.body.id).to.not.null;\n  expect(response.body.petId).to.not.null;\n  expect(response.body.quantity).to.not.null;\n  expect(response.body.shipDate).to.not.null;\n  expect(response.body.status).to.not.null;\n  expect(response.body.complete).to.not.null;\n});",
              "err": {},
              "uuid": "698b087a-9523-4ae6-ad7b-2d6878050f25",
              "parentUUID": "546dd9c1-7375-40d0-bb33-86fdb2a8cea3",
              "isHook": false,
              "skipped": false
            },
            {
              "title": "Delete an order should return 200",
              "fullTitle": "Handle pet store data Delete an order should return 200",
              "timedOut": null,
              "duration": 153,
              "state": "passed",
              "speed": "fast",
              "pass": true,
              "fail": false,
              "pending": false,
              "context": null,
              "code": "cy.deleteOrder(newOrderData.id).then(response => {\n  expect(response.status).to.eq(200);\n});",
              "err": {},
              "uuid": "819124ad-80b7-4b47-a84e-6ade9149e5ae",
              "parentUUID": "546dd9c1-7375-40d0-bb33-86fdb2a8cea3",
              "isHook": false,
              "skipped": false
            }
          ],
          "suites": [],
          "passes": [
            "c5fcdea4-ef18-43f2-83a3-e78306e9e75e",
            "698b087a-9523-4ae6-ad7b-2d6878050f25",
            "819124ad-80b7-4b47-a84e-6ade9149e5ae"
          ],
          "failures": [],
          "pending": [],
          "skipped": [],
          "duration": 489,
          "root": false,
          "rootEmpty": false,
          "_timeout": 2000
        }
      ],
      "passes": [],
      "failures": [],
      "pending": [],
      "skipped": [],
      "duration": 0,
      "root": true,
      "rootEmpty": true,
      "_timeout": 2000
    }
  ],
  "meta": {
    "mocha": {
      "version": "7.0.1"
    },
    "mochawesome": {
      "options": {
        "quiet": false,
        "reportFilename": "mochawesome",
        "saveHtml": true,
        "saveJson": true,
        "consoleReporter": "spec",
        "useInlineDiffs": false,
        "code": true
      },
      "version": "6.3.1"
    },
    "marge": {
      "options": {
        "charts": true,
        "overwrite": false,
        "html": true,
        "json": true,
        "reportDir": "cypress/reports/mochawesome-report"
      },
      "version": "5.2.0"
    }
  }
}