{
  "stats": {
    "suites": 1,
    "tests": 3,
    "passes": 3,
    "pending": 0,
    "failures": 0,
    "start": "2021-11-04T01:11:59.880Z",
    "end": "2021-11-04T01:12:00.402Z",
    "duration": 522,
    "testsRegistered": 3,
    "passPercent": 100,
    "pendingPercent": 0,
    "other": 0,
    "hasOther": false,
    "skipped": 0,
    "hasSkipped": false
  },
  "results": [
    {
      "uuid": "b508f5ef-22cf-4006-acd1-045ee1b95a87",
      "title": "",
      "fullFile": "cypress/tests/api/store.spec.js",
      "file": "cypress/tests/api/store.spec.js",
      "beforeHooks": [],
      "afterHooks": [],
      "tests": [],
      "suites": [
        {
          "uuid": "e0d3f618-69cf-431c-bc99-aa9d3c2ac5b8",
          "title": "Handle pet store data",
          "fullFile": "",
          "file": "",
          "beforeHooks": [],
          "afterHooks": [],
          "tests": [
            {
              "title": "Place new order should return 200",
              "fullTitle": "Handle pet store data Place new order should return 200",
              "timedOut": null,
              "duration": 183,
              "state": "passed",
              "speed": "fast",
              "pass": true,
              "fail": false,
              "pending": false,
              "context": null,
              "code": "cy.placeOrder(newOrderData).then(response => {\n  expect(response.status).to.eq(200);\n});",
              "err": {},
              "uuid": "1f221443-1f74-4476-b523-4f8f9ee512bd",
              "parentUUID": "e0d3f618-69cf-431c-bc99-aa9d3c2ac5b8",
              "isHook": false,
              "skipped": false
            },
            {
              "title": "Find an order by ID should return data",
              "fullTitle": "Handle pet store data Find an order by ID should return data",
              "timedOut": null,
              "duration": 165,
              "state": "passed",
              "speed": "fast",
              "pass": true,
              "fail": false,
              "pending": false,
              "context": null,
              "code": "cy.getOrderById(4).then(response => {\n  expect(response.status).to.eq(200);\n  expect(response.body.id).to.not.null;\n  expect(response.body.petId).to.not.null;\n  expect(response.body.quantity).to.not.null;\n  expect(response.body.shipDate).to.not.null;\n  expect(response.body.status).to.not.null;\n  expect(response.body.complete).to.not.null;\n});",
              "err": {},
              "uuid": "e080b811-47f3-4c0b-b067-16f3082ba45c",
              "parentUUID": "e0d3f618-69cf-431c-bc99-aa9d3c2ac5b8",
              "isHook": false,
              "skipped": false
            },
            {
              "title": "Delete an order should return 200",
              "fullTitle": "Handle pet store data Delete an order should return 200",
              "timedOut": null,
              "duration": 153,
              "state": "passed",
              "speed": "fast",
              "pass": true,
              "fail": false,
              "pending": false,
              "context": null,
              "code": "cy.deleteOrder(newOrderData.id).then(response => {\n  expect(response.status).to.eq(200);\n});",
              "err": {},
              "uuid": "0e45451a-5cf9-40b4-a8a8-92ed9bb5760e",
              "parentUUID": "e0d3f618-69cf-431c-bc99-aa9d3c2ac5b8",
              "isHook": false,
              "skipped": false
            }
          ],
          "suites": [],
          "passes": [
            "1f221443-1f74-4476-b523-4f8f9ee512bd",
            "e080b811-47f3-4c0b-b067-16f3082ba45c",
            "0e45451a-5cf9-40b4-a8a8-92ed9bb5760e"
          ],
          "failures": [],
          "pending": [],
          "skipped": [],
          "duration": 501,
          "root": false,
          "rootEmpty": false,
          "_timeout": 2000
        }
      ],
      "passes": [],
      "failures": [],
      "pending": [],
      "skipped": [],
      "duration": 0,
      "root": true,
      "rootEmpty": true,
      "_timeout": 2000
    }
  ],
  "meta": {
    "mocha": {
      "version": "7.0.1"
    },
    "mochawesome": {
      "options": {
        "quiet": false,
        "reportFilename": "mochawesome",
        "saveHtml": false,
        "saveJson": true,
        "consoleReporter": "spec",
        "useInlineDiffs": false,
        "code": true
      },
      "version": "6.3.1"
    },
    "marge": {
      "options": {
        "charts": true,
        "overwrite": false,
        "html": false,
        "json": true,
        "reportDir": "cypress/reports/mochawesome-report"
      },
      "version": "5.2.0"
    }
  }
}