{
  "stats": {
    "suites": 1,
    "tests": 6,
    "passes": 6,
    "pending": 0,
    "failures": 0,
    "start": "2021-11-04T01:12:53.526Z",
    "end": "2021-11-04T01:13:22.075Z",
    "duration": 28549,
    "testsRegistered": 6,
    "passPercent": 100,
    "pendingPercent": 0,
    "other": 0,
    "hasOther": false,
    "skipped": 0,
    "hasSkipped": false
  },
  "results": [
    {
      "uuid": "3d5d7cd3-26d7-474b-a152-b27850125f43",
      "title": "",
      "fullFile": "cypress/tests/web/elementList.spec.js",
      "file": "cypress/tests/web/elementList.spec.js",
      "beforeHooks": [],
      "afterHooks": [],
      "tests": [],
      "suites": [
        {
          "uuid": "3887a48c-081d-47ba-b980-95ebd8f3da44",
          "title": "Validate sub-list",
          "fullFile": "",
          "file": "",
          "beforeHooks": [],
          "afterHooks": [],
          "tests": [
            {
              "title": "Element sublist displays all elements",
              "fullTitle": "Validate sub-list Element sublist displays all elements",
              "timedOut": null,
              "duration": 26041,
              "state": "passed",
              "speed": "slow",
              "pass": true,
              "fail": false,
              "pending": false,
              "context": null,
              "code": "let elementSubList = ['Text Box', 'Check Box', 'Radio Button', 'Web Tables', 'Buttons', 'Links', 'Broken Links - Images', 'Upload and Download', 'Dynamic Properties'];\ncy.itemsAreDisplayed('Elements', elementSubList);",
              "err": {},
              "uuid": "1a4b2261-ab01-40e8-93d4-89553e47a42b",
              "parentUUID": "3887a48c-081d-47ba-b980-95ebd8f3da44",
              "isHook": false,
              "skipped": false
            },
            {
              "title": "Forms sublist displays all elements",
              "fullTitle": "Validate sub-list Forms sublist displays all elements",
              "timedOut": null,
              "duration": 250,
              "state": "passed",
              "speed": "fast",
              "pass": true,
              "fail": false,
              "pending": false,
              "context": null,
              "code": "let formsSubList = ['Practice Form'];\ncy.itemsAreDisplayed('Forms', formsSubList);",
              "err": {},
              "uuid": "cdbfc93a-ea88-46f4-95c9-bf0f40bce245",
              "parentUUID": "3887a48c-081d-47ba-b980-95ebd8f3da44",
              "isHook": false,
              "skipped": false
            },
            {
              "title": "Alerts, Frame & Windows sublist displays all elements",
              "fullTitle": "Validate sub-list Alerts, Frame & Windows sublist displays all elements",
              "timedOut": null,
              "duration": 283,
              "state": "passed",
              "speed": "fast",
              "pass": true,
              "fail": false,
              "pending": false,
              "context": null,
              "code": "let afwSubList = ['Browser Windows', 'Alerts', 'Frames', 'Nested Frames', 'Modal Dialogs'];\ncy.itemsAreDisplayed('Alerts, Frame & Windows', afwSubList);",
              "err": {},
              "uuid": "cc908b7a-a6af-4cbc-95d2-c941e189e2bd",
              "parentUUID": "3887a48c-081d-47ba-b980-95ebd8f3da44",
              "isHook": false,
              "skipped": false
            },
            {
              "title": "Widgets sublist displays all elements",
              "fullTitle": "Validate sub-list Widgets sublist displays all elements",
              "timedOut": null,
              "duration": 403,
              "state": "passed",
              "speed": "fast",
              "pass": true,
              "fail": false,
              "pending": false,
              "context": null,
              "code": "let widgetsSubList = ['Accordian', 'Auto Complete', 'Date Picker', 'Slider', 'Progress Bar', 'Tabs', 'Tool Tips', 'Menu', 'Select Menu'];\ncy.itemsAreDisplayed('Widgets', widgetsSubList);",
              "err": {},
              "uuid": "eb4bd92c-a651-4fe1-a135-37a4c878a568",
              "parentUUID": "3887a48c-081d-47ba-b980-95ebd8f3da44",
              "isHook": false,
              "skipped": false
            },
            {
              "title": "Interactions sublist displays all elements",
              "fullTitle": "Validate sub-list Interactions sublist displays all elements",
              "timedOut": null,
              "duration": 262,
              "state": "passed",
              "speed": "fast",
              "pass": true,
              "fail": false,
              "pending": false,
              "context": null,
              "code": "let interactionsSubList = ['Sortable', 'Selectable', 'Resizable', 'Droppable', 'Dragabble'];\ncy.itemsAreDisplayed('Interactions', interactionsSubList);",
              "err": {},
              "uuid": "a30d1185-ca29-4457-b9cb-e8f3a241b94e",
              "parentUUID": "3887a48c-081d-47ba-b980-95ebd8f3da44",
              "isHook": false,
              "skipped": false
            },
            {
              "title": "Book Store Application sublist displays all elements",
              "fullTitle": "Validate sub-list Book Store Application sublist displays all elements",
              "timedOut": null,
              "duration": 230,
              "state": "passed",
              "speed": "fast",
              "pass": true,
              "fail": false,
              "pending": false,
              "context": null,
              "code": "let bookstoreSubList = ['Login', 'Book Store', 'Profile', 'Book Store API'];\ncy.itemsAreDisplayed('Book Store Application', bookstoreSubList);",
              "err": {},
              "uuid": "7f0d8c2e-cb00-49ac-b96d-5885522d777b",
              "parentUUID": "3887a48c-081d-47ba-b980-95ebd8f3da44",
              "isHook": false,
              "skipped": false
            }
          ],
          "suites": [],
          "passes": [
            "1a4b2261-ab01-40e8-93d4-89553e47a42b",
            "cdbfc93a-ea88-46f4-95c9-bf0f40bce245",
            "cc908b7a-a6af-4cbc-95d2-c941e189e2bd",
            "eb4bd92c-a651-4fe1-a135-37a4c878a568",
            "a30d1185-ca29-4457-b9cb-e8f3a241b94e",
            "7f0d8c2e-cb00-49ac-b96d-5885522d777b"
          ],
          "failures": [],
          "pending": [],
          "skipped": [],
          "duration": 27469,
          "root": false,
          "rootEmpty": false,
          "_timeout": 2000
        }
      ],
      "passes": [],
      "failures": [],
      "pending": [],
      "skipped": [],
      "duration": 0,
      "root": true,
      "rootEmpty": true,
      "_timeout": 2000
    }
  ],
  "meta": {
    "mocha": {
      "version": "7.0.1"
    },
    "mochawesome": {
      "options": {
        "quiet": false,
        "reportFilename": "mochawesome",
        "saveHtml": false,
        "saveJson": true,
        "consoleReporter": "spec",
        "useInlineDiffs": false,
        "code": true
      },
      "version": "6.3.1"
    },
    "marge": {
      "options": {
        "charts": true,
        "overwrite": false,
        "html": false,
        "json": true,
        "reportDir": "cypress/reports/mochawesome-report"
      },
      "version": "5.2.0"
    }
  }
}